Using pre-set license
Built from '2020.3/staging' branch; Version is '2020.3.18f1 (a7d1c678663c) revision 10998214'; Using compiler version '192528614'; Build Type 'Release'
OS: 'Windows 10 Education; OS build 22000.856; Version 2009; 64bit' Language: 'en' Physical Memory: 32702 MB
BatchMode: 1, IsHumanControllingUs: 0, StartBugReporterOnCrash: 0, Is64bit: 1, IsPro: 0

COMMAND LINE ARGUMENTS:
D:\Program Files (x86)\Unity\2020.3.18f1\Editor\Unity.exe
-adb2
-batchMode
-noUpm
-name
AssetImportWorker0
-projectPath
H:/VirusShooter/Virus-Shooter
-logFile
Logs/AssetImportWorker0.log
-srvPort
57449
Successfully changed project path to: H:/VirusShooter/Virus-Shooter
H:/VirusShooter/Virus-Shooter
Using Asset Import Pipeline V2.
Refreshing native plugins compatible for Editor in 105.55 ms, found 6 plugins.
Preloading 0 native plugins for Editor in 0.00 ms.
Initialize engine version: 2020.3.18f1 (a7d1c678663c)
[Subsystems] Discovering subsystems at path D:/Program Files (x86)/Unity/2020.3.18f1/Editor/Data/Resources/UnitySubsystems
[Subsystems] Discovering subsystems at path H:/VirusShooter/Virus-Shooter/Assets
GfxDevice: creating device client; threaded=0
Direct3D:
    Version:  Direct3D 11.0 [level 11.1]
    Renderer: NVIDIA GeForce RTX 2070 SUPER (ID=0x1e84)
    Vendor:   
    VRAM:     8012 MB
    Driver:   31.0.15.1694
Initialize mono
Mono path[0] = 'D:/Program Files (x86)/Unity/2020.3.18f1/Editor/Data/Managed'
Mono path[1] = 'D:/Program Files (x86)/Unity/2020.3.18f1/Editor/Data/MonoBleedingEdge/lib/mono/unityjit'
Mono config path = 'D:/Program Files (x86)/Unity/2020.3.18f1/Editor/Data/MonoBleedingEdge/etc'
Using monoOptions --debugger-agent=transport=dt_socket,embedding=1,server=y,suspend=n,address=127.0.0.1:56412
Begin MonoManager ReloadAssembly
Registering precompiled unity dll's ...
Register platform support module: D:/Program Files (x86)/Unity/2020.3.18f1/Editor/Data/PlaybackEngines/WindowsStandaloneSupport/UnityEditor.WindowsStandalone.Extensions.dll
Registered in 0.000846 seconds.
Native extension for WindowsStandalone target not found
Refreshing native plugins compatible for Editor in 100.32 ms, found 6 plugins.
Preloading 0 native plugins for Editor in 0.00 ms.
Mono: successfully reloaded assembly
- Completed reload, in  2.380 seconds
Domain Reload Profiling:
	ReloadAssembly (2380ms)
		BeginReloadAssembly (52ms)
			ExecutionOrderSort (0ms)
			DisableScriptedObjects (0ms)
			BackupInstance (0ms)
			ReleaseScriptingObjects (0ms)
			CreateAndSetChildDomain (1ms)
		EndReloadAssembly (420ms)
			LoadAssemblies (52ms)
			RebuildTransferFunctionScriptingTraits (0ms)
			SetupTypeCache (133ms)
			ReleaseScriptCaches (0ms)
			RebuildScriptCaches (25ms)
			SetupLoadedEditorAssemblies (203ms)
				LogAssemblyErrors (0ms)
				InitializePlatformSupportModulesInManaged (3ms)
				SetLoadedEditorAssemblies (0ms)
				RefreshPlugins (100ms)
				BeforeProcessingInitializeOnLoad (7ms)
				ProcessInitializeOnLoadAttributes (67ms)
				ProcessInitializeOnLoadMethodAttributes (25ms)
				AfterProcessingInitializeOnLoad (0ms)
				EditorAssembliesLoaded (0ms)
			ExecutionOrderSort2 (0ms)
			AwakeInstancesAfterBackupRestoration (0ms)
Platform modules already initialized, skipping
Registering precompiled user dll's ...
Registered in 0.010460 seconds.
Begin MonoManager ReloadAssembly
Symbol file LoadedFromMemory doesn't match image H:\VirusShooter\Virus-Shooter\Library\PackageCache\com.unity.visualscripting@1.6.1\Editor\VisualScripting.Core\Dependencies\DotNetZip\Unity.VisualScripting.IonicZip.dll
Symbol file LoadedFromMemory doesn't match image H:\VirusShooter\Virus-Shooter\Library\PackageCache\com.unity.visualscripting@1.6.1\Editor\VisualScripting.Core\Dependencies\YamlDotNet\Unity.VisualScripting.YamlDotNet.dll
Native extension for WindowsStandalone target not found
Refreshing native plugins compatible for Editor in 98.79 ms, found 6 plugins.
Preloading 0 native plugins for Editor in 0.00 ms.
Mono: successfully reloaded assembly
- Completed reload, in  1.815 seconds
Domain Reload Profiling:
	ReloadAssembly (1816ms)
		BeginReloadAssembly (128ms)
			ExecutionOrderSort (0ms)
			DisableScriptedObjects (4ms)
			BackupInstance (0ms)
			ReleaseScriptingObjects (0ms)
			CreateAndSetChildDomain (16ms)
		EndReloadAssembly (1639ms)
			LoadAssemblies (110ms)
			RebuildTransferFunctionScriptingTraits (0ms)
			SetupTypeCache (348ms)
			ReleaseScriptCaches (1ms)
			RebuildScriptCaches (58ms)
			SetupLoadedEditorAssemblies (1025ms)
				LogAssemblyErrors (0ms)
				InitializePlatformSupportModulesInManaged (3ms)
				SetLoadedEditorAssemblies (0ms)
				RefreshPlugins (99ms)
				BeforeProcessingInitializeOnLoad (82ms)
				ProcessInitializeOnLoadAttributes (824ms)
				ProcessInitializeOnLoadMethodAttributes (15ms)
				AfterProcessingInitializeOnLoad (1ms)
				EditorAssembliesLoaded (0ms)
			ExecutionOrderSort2 (0ms)
			AwakeInstancesAfterBackupRestoration (5ms)
Platform modules already initialized, skipping
========================================================================
Worker process is ready to serve import requests
Launched and connected shader compiler UnityShaderCompiler.exe after 0.05 seconds
Refreshing native plugins compatible for Editor in 1.04 ms, found 6 plugins.
Preloading 0 native plugins for Editor in 0.00 ms.
Unloading 4364 Unused Serialized files (Serialized files now loaded: 0)
System memory in use before: 160.5 MB.
System memory in use after: 160.7 MB.

Unloading 60 unused Assets to reduce memory usage. Loaded Objects now: 4820.
Total: 4.188700 ms (FindLiveObjects: 0.386200 ms CreateObjectMapping: 0.208600 ms MarkObjects: 3.506400 ms  DeleteObjects: 0.086700 ms)

AssetImportParameters requested are different than current active one (requested -> active):
  custom:framework-win-MediaFoundation: 216162199b28c13a410421893ffa2e32 -> 
  custom:video-decoder-ogg-theora: a1e56fd34408186e4bbccfd4996cb3dc -> 
  custom:container-muxer-webm: aa71ff27fc2769a1b78a27578f13a17b -> 
  custom:container-demuxer-webm: 4f35f7cbe854078d1ac9338744f61a02 -> 
  custom:container-demuxer-ogg: 62fdf1f143b41e24485cea50d1cbac27 -> 
  custom:video-encoder-webm-vp8: eb34c28f22e8b96e1ab97ce403110664 -> 
  custom:video-decoder-webm-vp8: 9c59270c3fd7afecdb556c50c9e8de78 -> 
  custom:audio-decoder-ogg-vorbis: bf7c407c2cedff20999df2af8eb42d56 -> 
  custom:audio-encoder-webm-vorbis: bf7c407c2cedff20999df2af8eb42d56 -> 
========================================================================
Received Import Request.
  path: Assets/Scenes/Menu.unity
  artifactKey: Guid(356aa774001fc45d59663602ac5b3a4a) Importer(815301076,1909f56bfc062723c751e8b465ee728b)
Start importing Assets/Scenes/Menu.unity using Guid(356aa774001fc45d59663602ac5b3a4a) Importer(815301076,1909f56bfc062723c751e8b465ee728b)  -> (artifact id: '53d1daf938a0c62bb7751b728fe0a2bf') in 0.012775 seconds 
  Import took 0.018267 seconds .

========================================================================
Received Import Request.
  Time since last request: 176.491037 seconds.
  path: Assets/Roboto/Roboto-Black.ttf
  artifactKey: Guid(e5a179c87488c47118b0fe463f5634d4) Importer(815301076,1909f56bfc062723c751e8b465ee728b)
Start importing Assets/Roboto/Roboto-Black.ttf using Guid(e5a179c87488c47118b0fe463f5634d4) Importer(815301076,1909f56bfc062723c751e8b465ee728b)  -> (artifact id: '47d248c664153404622b84f8d18e5d56') in 0.139961 seconds 
  Import took 0.146216 seconds .

========================================================================
Received Import Request.
  Time since last request: 0.000252 seconds.
  path: Assets/Roboto/Roboto-Thin.ttf
  artifactKey: Guid(e38f92a98f4b847cd8c6562b4ea18617) Importer(815301076,1909f56bfc062723c751e8b465ee728b)
Start importing Assets/Roboto/Roboto-Thin.ttf using Guid(e38f92a98f4b847cd8c6562b4ea18617) Importer(815301076,1909f56bfc062723c751e8b465ee728b)  -> (artifact id: '746dc31ebf23a7236efab5c6880c4b7e') in 0.073905 seconds 
  Import took 0.078989 seconds .

========================================================================
Received Import Request.
  Time since last request: 0.000276 seconds.
  path: Assets/Roboto/Roboto-Bold.ttf
  artifactKey: Guid(3eeb3df5052c74fc9928e18359256137) Importer(815301076,1909f56bfc062723c751e8b465ee728b)
Start importing Assets/Roboto/Roboto-Bold.ttf using Guid(3eeb3df5052c74fc9928e18359256137) Importer(815301076,1909f56bfc062723c751e8b465ee728b)  -> (artifact id: '5ece08500d525832876e5713a264b1d1') in 0.027190 seconds 
  Import took 0.032323 seconds .

========================================================================
Received Import Request.
  Time since last request: 0.000259 seconds.
  path: Assets/Roboto/Roboto-Medium.ttf
  artifactKey: Guid(a89c2954d11204b3098250c288de5808) Importer(815301076,1909f56bfc062723c751e8b465ee728b)
Start importing Assets/Roboto/Roboto-Medium.ttf using Guid(a89c2954d11204b3098250c288de5808) Importer(815301076,1909f56bfc062723c751e8b465ee728b)  -> (artifact id: 'b5c6f699eb056a5b02524cc807938a26') in 0.028610 seconds 
  Import took 0.033703 seconds .

========================================================================
Received Import Request.
  Time since last request: 0.000245 seconds.
  path: Assets/Roboto/Roboto-BlackItalic.ttf
  artifactKey: Guid(15228be5be73e4793b3d1470a03b0a7e) Importer(815301076,1909f56bfc062723c751e8b465ee728b)
Start importing Assets/Roboto/Roboto-BlackItalic.ttf using Guid(15228be5be73e4793b3d1470a03b0a7e) Importer(815301076,1909f56bfc062723c751e8b465ee728b)  -> (artifact id: 'c42102bfdcee587d587ca9a463afe71d') in 0.029111 seconds 
  Import took 0.034347 seconds .

========================================================================
Received Import Request.
  Time since last request: 0.000212 seconds.
  path: Assets/Roboto/Roboto-LightItalic.ttf
  artifactKey: Guid(9fc8da27a537d4dc0ab70e8cbe3fe513) Importer(815301076,1909f56bfc062723c751e8b465ee728b)
Start importing Assets/Roboto/Roboto-LightItalic.ttf using Guid(9fc8da27a537d4dc0ab70e8cbe3fe513) Importer(815301076,1909f56bfc062723c751e8b465ee728b)  -> (artifact id: '7254b1f3505a3f67f9c11d7178d54722') in 0.022881 seconds 
  Import took 0.028962 seconds .

========================================================================
Received Import Request.
  Time since last request: 0.000209 seconds.
  path: Assets/Roboto/Roboto-BoldItalic.ttf
  artifactKey: Guid(f0451b6169dec47d4afa57c46ed5ade7) Importer(815301076,1909f56bfc062723c751e8b465ee728b)
Start importing Assets/Roboto/Roboto-BoldItalic.ttf using Guid(f0451b6169dec47d4afa57c46ed5ade7) Importer(815301076,1909f56bfc062723c751e8b465ee728b)  -> (artifact id: '219e81412e698c30e796a987244aa7c8') in 0.026549 seconds 
  Import took 0.032046 seconds .

========================================================================
Received Import Request.
  Time since last request: 0.000181 seconds.
  path: Assets/Roboto/Roboto-Regular.ttf
  artifactKey: Guid(000c4ae9f316c4707810bed2921fa7bd) Importer(815301076,1909f56bfc062723c751e8b465ee728b)
Start importing Assets/Roboto/Roboto-Regular.ttf using Guid(000c4ae9f316c4707810bed2921fa7bd) Importer(815301076,1909f56bfc062723c751e8b465ee728b)  -> (artifact id: '0de689bb4ad24e23ef79c12e5457bbe0') in 0.018546 seconds 
  Import took 0.024686 seconds .

========================================================================
Received Import Request.
  Time since last request: 0.000226 seconds.
  path: Assets/Roboto/Roboto-ThinItalic.ttf
  artifactKey: Guid(fef03861e77e44de1b91451ef6e83ff9) Importer(815301076,1909f56bfc062723c751e8b465ee728b)
Start importing Assets/Roboto/Roboto-ThinItalic.ttf using Guid(fef03861e77e44de1b91451ef6e83ff9) Importer(815301076,1909f56bfc062723c751e8b465ee728b)  -> (artifact id: 'fb6a6a85ede54cbe58f5a52e04b42237') in 0.028480 seconds 
  Import took 0.033905 seconds .

========================================================================
Received Import Request.
  Time since last request: 0.000244 seconds.
  path: Assets/Roboto/Roboto-Italic.ttf
  artifactKey: Guid(c029d70792e7e458cb92002d3fe5007b) Importer(815301076,1909f56bfc062723c751e8b465ee728b)
Start importing Assets/Roboto/Roboto-Italic.ttf using Guid(c029d70792e7e458cb92002d3fe5007b) Importer(815301076,1909f56bfc062723c751e8b465ee728b)  -> (artifact id: 'b076b5a304219f5c885bcfe606f34f2d') in 0.021222 seconds 
  Import took 0.026772 seconds .

========================================================================
Received Import Request.
  Time since last request: 0.000281 seconds.
  path: Assets/Roboto/Roboto-MediumItalic.ttf
  artifactKey: Guid(7662560959ad14ca681f52d2a5fa8f13) Importer(815301076,1909f56bfc062723c751e8b465ee728b)
Start importing Assets/Roboto/Roboto-MediumItalic.ttf using Guid(7662560959ad14ca681f52d2a5fa8f13) Importer(815301076,1909f56bfc062723c751e8b465ee728b)  -> (artifact id: '5293858a117d0f0c036c30c1107afe24') in 0.027413 seconds 
  Import took 0.033083 seconds .

========================================================================
Received Import Request.
  Time since last request: 0.000253 seconds.
  path: Assets/Roboto/Roboto-Light.ttf
  artifactKey: Guid(48444d6c261cc403cb923b5b861491ce) Importer(815301076,1909f56bfc062723c751e8b465ee728b)
Start importing Assets/Roboto/Roboto-Light.ttf using Guid(48444d6c261cc403cb923b5b861491ce) Importer(815301076,1909f56bfc062723c751e8b465ee728b)  -> (artifact id: '33f9bd54f3452e8b95fb763ce2845ed6') in 0.025238 seconds 
  Import took 0.030825 seconds .

========================================================================
Received Import Request.
  Time since last request: 5.449667 seconds.
  path: Assets/SFX/328118__greenvwbeetle__pop-7.flac
  artifactKey: Guid(6798c3423d21c6b4aba1e89f0a6b7960) Importer(815301076,1909f56bfc062723c751e8b465ee728b)
Start importing Assets/SFX/328118__greenvwbeetle__pop-7.flac using Guid(6798c3423d21c6b4aba1e89f0a6b7960) Importer(815301076,1909f56bfc062723c751e8b465ee728b)  -> (artifact id: '03bec0df746473d859a8f6bcc635a510') in 0.028293 seconds 
  Import took 0.034815 seconds .

========================================================================
Received Import Request.
  Time since last request: 0.000249 seconds.
  path: Assets/SFX/411639__inspectorj__pop-low-a-h1.wav
  artifactKey: Guid(d69e7c6a5f8accf498e2151167c615ad) Importer(815301076,1909f56bfc062723c751e8b465ee728b)
Start importing Assets/SFX/411639__inspectorj__pop-low-a-h1.wav using Guid(d69e7c6a5f8accf498e2151167c615ad) Importer(815301076,1909f56bfc062723c751e8b465ee728b)  -> (artifact id: '445682fd91da47a6d552b10d4bf1d98f') in 0.018298 seconds 
  Import took 0.024124 seconds .

========================================================================
Received Prepare
Registering precompiled user dll's ...
Registered in 0.009985 seconds.
Begin MonoManager ReloadAssembly
Symbol file LoadedFromMemory doesn't match image H:\VirusShooter\Virus-Shooter\Library\PackageCache\com.unity.visualscripting@1.6.1\Editor\VisualScripting.Core\Dependencies\DotNetZip\Unity.VisualScripting.IonicZip.dll
Symbol file LoadedFromMemory doesn't match image H:\VirusShooter\Virus-Shooter\Library\PackageCache\com.unity.visualscripting@1.6.1\Editor\VisualScripting.Core\Dependencies\YamlDotNet\Unity.VisualScripting.YamlDotNet.dll
Native extension for WindowsStandalone target not found
Refreshing native plugins compatible for Editor in 1.40 ms, found 6 plugins.
Preloading 0 native plugins for Editor in 0.00 ms.
Mono: successfully reloaded assembly
- Completed reload, in  1.952 seconds
Domain Reload Profiling:
	ReloadAssembly (1953ms)
		BeginReloadAssembly (209ms)
			ExecutionOrderSort (0ms)
			DisableScriptedObjects (6ms)
			BackupInstance (0ms)
			ReleaseScriptingObjects (0ms)
			CreateAndSetChildDomain (81ms)
		EndReloadAssembly (1680ms)
			LoadAssemblies (187ms)
			RebuildTransferFunctionScriptingTraits (0ms)
			SetupTypeCache (444ms)
			ReleaseScriptCaches (1ms)
			RebuildScriptCaches (49ms)
			SetupLoadedEditorAssemblies (943ms)
				LogAssemblyErrors (0ms)
				InitializePlatformSupportModulesInManaged (5ms)
				SetLoadedEditorAssemblies (0ms)
				RefreshPlugins (1ms)
				BeforeProcessingInitializeOnLoad (64ms)
				ProcessInitializeOnLoadAttributes (862ms)
				ProcessInitializeOnLoadMethodAttributes (8ms)
				AfterProcessingInitializeOnLoad (1ms)
				EditorAssembliesLoaded (0ms)
			ExecutionOrderSort2 (0ms)
			AwakeInstancesAfterBackupRestoration (12ms)
Platform modules already initialized, skipping
Switching build target platform(19) subTarget(0) extendedPlatform(0) -> platform(9) subTarget(16777218) extendedPlatform(0)
Refreshing native plugins compatible for Editor in 1.01 ms, found 6 plugins.
Preloading 0 native plugins for Editor in 0.00 ms.
Unloading 4341 Unused Serialized files (Serialized files now loaded: 0)
System memory in use before: 161.7 MB.
System memory in use after: 162.0 MB.

Unloading 47 unused Assets to reduce memory usage. Loaded Objects now: 4872.
Total: 4.694800 ms (FindLiveObjects: 0.442900 ms CreateObjectMapping: 0.239700 ms MarkObjects: 3.974300 ms  DeleteObjects: 0.036600 ms)

AssetImportParameters requested are different than current active one (requested -> active):
  custom:framework-win-MediaFoundation: 216162199b28c13a410421893ffa2e32 -> 
  custom:video-decoder-ogg-theora: a1e56fd34408186e4bbccfd4996cb3dc -> 
  custom:container-muxer-webm: aa71ff27fc2769a1b78a27578f13a17b -> 
  custom:container-demuxer-webm: 4f35f7cbe854078d1ac9338744f61a02 -> 
  custom:container-demuxer-ogg: 62fdf1f143b41e24485cea50d1cbac27 -> 
  custom:video-encoder-webm-vp8: eb34c28f22e8b96e1ab97ce403110664 -> 
  custom:video-decoder-webm-vp8: 9c59270c3fd7afecdb556c50c9e8de78 -> 
  custom:graphics/normal-map-encoding: 01000000000000000000000000000000 -> 02000000000000000000000000000000
  custom:audio-decoder-ogg-vorbis: bf7c407c2cedff20999df2af8eb42d56 -> 
  custom:audio-encoder-webm-vorbis: bf7c407c2cedff20999df2af8eb42d56 -> 
========================================================================
Received Prepare
Registering precompiled user dll's ...
Registered in 0.010255 seconds.
Begin MonoManager ReloadAssembly
Symbol file LoadedFromMemory doesn't match image H:\VirusShooter\Virus-Shooter\Library\PackageCache\com.unity.visualscripting@1.6.1\Editor\VisualScripting.Core\Dependencies\DotNetZip\Unity.VisualScripting.IonicZip.dll
Symbol file LoadedFromMemory doesn't match image H:\VirusShooter\Virus-Shooter\Library\PackageCache\com.unity.visualscripting@1.6.1\Editor\VisualScripting.Core\Dependencies\YamlDotNet\Unity.VisualScripting.YamlDotNet.dll
Native extension for WindowsStandalone target not found
Refreshing native plugins compatible for Editor in 1.13 ms, found 6 plugins.
Preloading 0 native plugins for Editor in 0.00 ms.
Mono: successfully reloaded assembly
- Completed reload, in  1.833 seconds
Domain Reload Profiling:
	ReloadAssembly (1833ms)
		BeginReloadAssembly (126ms)
			ExecutionOrderSort (0ms)
			DisableScriptedObjects (7ms)
			BackupInstance (0ms)
			ReleaseScriptingObjects (0ms)
			CreateAndSetChildDomain (49ms)
		EndReloadAssembly (1658ms)
			LoadAssemblies (118ms)
			RebuildTransferFunctionScriptingTraits (0ms)
			SetupTypeCache (470ms)
			ReleaseScriptCaches (1ms)
			RebuildScriptCaches (52ms)
			SetupLoadedEditorAssemblies (907ms)
				LogAssemblyErrors (0ms)
				InitializePlatformSupportModulesInManaged (5ms)
				SetLoadedEditorAssemblies (0ms)
				RefreshPlugins (1ms)
				BeforeProcessingInitializeOnLoad (73ms)
				ProcessInitializeOnLoadAttributes (817ms)
				ProcessInitializeOnLoadMethodAttributes (9ms)
				AfterProcessingInitializeOnLoad (2ms)
				EditorAssembliesLoaded (0ms)
			ExecutionOrderSort2 (0ms)
			AwakeInstancesAfterBackupRestoration (12ms)
Platform modules already initialized, skipping
Switching build target platform(19) subTarget(0) extendedPlatform(0) -> platform(9) subTarget(16777218) extendedPlatform(0)
Refreshing native plugins compatible for Editor in 1.93 ms, found 6 plugins.
Preloading 0 native plugins for Editor in 0.00 ms.
Unloading 4341 Unused Serialized files (Serialized files now loaded: 0)
System memory in use before: 161.8 MB.
System memory in use after: 162.1 MB.

Unloading 47 unused Assets to reduce memory usage. Loaded Objects now: 4878.
Total: 4.995600 ms (FindLiveObjects: 0.550100 ms CreateObjectMapping: 0.465800 ms MarkObjects: 3.949600 ms  DeleteObjects: 0.029100 ms)

AssetImportParameters requested are different than current active one (requested -> active):
  custom:framework-win-MediaFoundation: 216162199b28c13a410421893ffa2e32 -> 
  custom:video-decoder-ogg-theora: a1e56fd34408186e4bbccfd4996cb3dc -> 
  custom:container-muxer-webm: aa71ff27fc2769a1b78a27578f13a17b -> 
  custom:container-demuxer-webm: 4f35f7cbe854078d1ac9338744f61a02 -> 
  custom:container-demuxer-ogg: 62fdf1f143b41e24485cea50d1cbac27 -> 
  custom:video-encoder-webm-vp8: eb34c28f22e8b96e1ab97ce403110664 -> 
  custom:video-decoder-webm-vp8: 9c59270c3fd7afecdb556c50c9e8de78 -> 
  custom:graphics/normal-map-encoding: 01000000000000000000000000000000 -> 02000000000000000000000000000000
  custom:audio-decoder-ogg-vorbis: bf7c407c2cedff20999df2af8eb42d56 -> 
  custom:audio-encoder-webm-vorbis: bf7c407c2cedff20999df2af8eb42d56 -> 
========================================================================
Received Import Request.
  Time since last request: 172.150001 seconds.
  path: Assets/Scenes/Game.unity
  artifactKey: Guid(72e99e1c7ba70f04e8cf5f6b3f1a3cb3) Importer(815301076,1909f56bfc062723c751e8b465ee728b)
Start importing Assets/Scenes/Game.unity using Guid(72e99e1c7ba70f04e8cf5f6b3f1a3cb3) Importer(815301076,1909f56bfc062723c751e8b465ee728b)  -> (artifact id: '6e47ef1e0791d4b58c4aa7bec6e07ee4') in 0.011607 seconds 
  Import took 0.019306 seconds .

========================================================================
Received Import Request.
  Time since last request: 0.005086 seconds.
  path: Assets/Scenes/Game.unity
  artifactKey: Guid(72e99e1c7ba70f04e8cf5f6b3f1a3cb3) Importer(815301076,1909f56bfc062723c751e8b465ee728b)
Start importing Assets/Scenes/Game.unity using Guid(72e99e1c7ba70f04e8cf5f6b3f1a3cb3) Importer(815301076,1909f56bfc062723c751e8b465ee728b)  -> (artifact id: '6e47ef1e0791d4b58c4aa7bec6e07ee4') in 0.002387 seconds 
  Import took 0.008169 seconds .

AssetImportWorkerClient::OnTransportError - code=2 error=End of file
